2018-02-25 20:32:11,990 [Worker-0] INFO  c.g.t.t.d.PublishedGradleVersions - Gradle version information cache is up-to-date. Trying to read.
2018-02-28 19:24:40,037 [Worker-2] INFO  c.g.t.t.d.PublishedGradleVersions - Gradle version information cache is out-of-date. Trying to update.
2018-02-28 19:25:18,831 [Worker-4] INFO  o.e.m.c.i.i.nexus.NexusIndexManager - Updating index for repository: central|https://repo.maven.apache.org/maven2
2018-02-28 19:26:29,406 [Worker-4] ERROR o.e.m.c.i.i.nexus.NexusIndexManager - Unable to update index for central|https://repo.maven.apache.org/maven2: C:\Users\gusta\.m2\repository\.cache\m2e\1.7.0\05b0fe8524860bd73cbb07ef30fb34cc\min\_39.cfs (El sistema no puede encontrar el archivo especificado)
java.io.FileNotFoundException: C:\Users\gusta\.m2\repository\.cache\m2e\1.7.0\05b0fe8524860bd73cbb07ef30fb34cc\min\_39.cfs (El sistema no puede encontrar el archivo especificado)
	at java.io.RandomAccessFile.open0(Native Method) ~[na:1.8.0_101]
	at java.io.RandomAccessFile.open(Unknown Source) ~[na:1.8.0_101]
	at java.io.RandomAccessFile.<init>(Unknown Source) ~[na:1.8.0_101]
	at org.apache.lucene.store.FSDirectory$FSIndexInput$Descriptor.<init>(FSDirectory.java:552) ~[lucene-core-2.4.1.jar:2.4.1 750176 - 2009-03-04 21:56:52]
	at org.apache.lucene.store.FSDirectory$FSIndexInput.<init>(FSDirectory.java:582) ~[lucene-core-2.4.1.jar:2.4.1 750176 - 2009-03-04 21:56:52]
	at org.apache.lucene.store.FSDirectory.openInput(FSDirectory.java:488) ~[lucene-core-2.4.1.jar:2.4.1 750176 - 2009-03-04 21:56:52]
	at org.apache.lucene.index.CompoundFileReader.<init>(CompoundFileReader.java:70) ~[lucene-core-2.4.1.jar:2.4.1 750176 - 2009-03-04 21:56:52]
	at org.apache.lucene.index.SegmentReader.initialize(SegmentReader.java:321) ~[lucene-core-2.4.1.jar:2.4.1 750176 - 2009-03-04 21:56:52]
	at org.apache.lucene.index.SegmentReader.get(SegmentReader.java:306) ~[lucene-core-2.4.1.jar:2.4.1 750176 - 2009-03-04 21:56:52]
	at org.apache.lucene.index.SegmentReader.get(SegmentReader.java:236) ~[lucene-core-2.4.1.jar:2.4.1 750176 - 2009-03-04 21:56:52]
	at org.apache.lucene.index.DocumentsWriter.applyDeletes(DocumentsWriter.java:915) ~[lucene-core-2.4.1.jar:2.4.1 750176 - 2009-03-04 21:56:52]
	at org.apache.lucene.index.IndexWriter.applyDeletes(IndexWriter.java:4339) ~[lucene-core-2.4.1.jar:2.4.1 750176 - 2009-03-04 21:56:52]
	at org.apache.lucene.index.IndexWriter.doFlush(IndexWriter.java:3579) ~[lucene-core-2.4.1.jar:2.4.1 750176 - 2009-03-04 21:56:52]
	at org.apache.lucene.index.IndexWriter.flush(IndexWriter.java:3450) ~[lucene-core-2.4.1.jar:2.4.1 750176 - 2009-03-04 21:56:52]
	at org.apache.lucene.index.IndexWriter.closeInternal(IndexWriter.java:1638) ~[lucene-core-2.4.1.jar:2.4.1 750176 - 2009-03-04 21:56:52]
	at org.apache.lucene.index.IndexWriter.close(IndexWriter.java:1602) ~[lucene-core-2.4.1.jar:2.4.1 750176 - 2009-03-04 21:56:52]
	at org.apache.lucene.index.IndexWriter.close(IndexWriter.java:1578) ~[lucene-core-2.4.1.jar:2.4.1 750176 - 2009-03-04 21:56:52]
	at org.apache.maven.index.context.NexusIndexWriter.close(NexusIndexWriter.java:58) ~[indexer-core-3.1.0.jar:3.1.0]
	at org.apache.maven.index.context.DefaultIndexingContext.prepareCleanIndex(DefaultIndexingContext.java:235) ~[indexer-core-3.1.0.jar:3.1.0]
	at org.apache.maven.index.context.DefaultIndexingContext.prepareIndex(DefaultIndexingContext.java:205) ~[indexer-core-3.1.0.jar:3.1.0]
	at org.apache.maven.index.context.DefaultIndexingContext.<init>(DefaultIndexingContext.java:173) ~[indexer-core-3.1.0.jar:3.1.0]
	at org.apache.maven.index.DefaultNexusIndexer.addIndexingContextForced(DefaultNexusIndexer.java:160) ~[org.eclipse.m2e.maven.indexer_1.7.0.20160603-1931/:na]
	at org.eclipse.m2e.core.internal.index.nexus.NexusIndexManager.updateRemoteIndex(NexusIndexManager.java:1136) [org.eclipse.m2e.core_1.7.0.20160603-1933.jar:na]
	at org.eclipse.m2e.core.internal.index.nexus.NexusIndexManager.updateIndex(NexusIndexManager.java:1084) [org.eclipse.m2e.core_1.7.0.20160603-1933.jar:na]
	at org.eclipse.m2e.core.internal.index.nexus.NexusIndexManager$1.run(NexusIndexManager.java:656) [org.eclipse.m2e.core_1.7.0.20160603-1933.jar:na]
	at org.eclipse.m2e.core.internal.index.nexus.IndexUpdaterJob.run(IndexUpdaterJob.java:72) [org.eclipse.m2e.core_1.7.0.20160603-1933.jar:na]
	at org.eclipse.core.internal.jobs.Worker.run(Worker.java:55) [org.eclipse.core.jobs_3.8.0.v20160509-0411.jar:na]
2018-03-02 20:27:32,354 [Worker-2] INFO  c.g.t.t.d.PublishedGradleVersions - Gradle version information cache is out-of-date. Trying to update.
2018-03-02 20:28:06,711 [Worker-6] INFO  o.e.m.c.i.i.nexus.NexusIndexManager - Updating index for repository: central|https://repo.maven.apache.org/maven2
2018-03-02 20:28:08,005 [Worker-6] ERROR o.e.m.c.i.i.nexus.NexusIndexManager - Unable to update index for central|https://repo.maven.apache.org/maven2: C:\Users\gusta\.m2\repository\.cache\m2e\1.7.0\05b0fe8524860bd73cbb07ef30fb34cc\min\_39.cfs (El sistema no puede encontrar el archivo especificado)
java.io.FileNotFoundException: C:\Users\gusta\.m2\repository\.cache\m2e\1.7.0\05b0fe8524860bd73cbb07ef30fb34cc\min\_39.cfs (El sistema no puede encontrar el archivo especificado)
	at java.io.RandomAccessFile.open0(Native Method) ~[na:1.8.0_101]
	at java.io.RandomAccessFile.open(Unknown Source) ~[na:1.8.0_101]
	at java.io.RandomAccessFile.<init>(Unknown Source) ~[na:1.8.0_101]
	at org.apache.lucene.store.FSDirectory$FSIndexInput$Descriptor.<init>(FSDirectory.java:552) ~[lucene-core-2.4.1.jar:2.4.1 750176 - 2009-03-04 21:56:52]
	at org.apache.lucene.store.FSDirectory$FSIndexInput.<init>(FSDirectory.java:582) ~[lucene-core-2.4.1.jar:2.4.1 750176 - 2009-03-04 21:56:52]
	at org.apache.lucene.store.FSDirectory.openInput(FSDirectory.java:488) ~[lucene-core-2.4.1.jar:2.4.1 750176 - 2009-03-04 21:56:52]
	at org.apache.lucene.index.CompoundFileReader.<init>(CompoundFileReader.java:70) ~[lucene-core-2.4.1.jar:2.4.1 750176 - 2009-03-04 21:56:52]
	at org.apache.lucene.index.SegmentReader.initialize(SegmentReader.java:321) ~[lucene-core-2.4.1.jar:2.4.1 750176 - 2009-03-04 21:56:52]
	at org.apache.lucene.index.SegmentReader.get(SegmentReader.java:306) ~[lucene-core-2.4.1.jar:2.4.1 750176 - 2009-03-04 21:56:52]
	at org.apache.lucene.index.SegmentReader.get(SegmentReader.java:236) ~[lucene-core-2.4.1.jar:2.4.1 750176 - 2009-03-04 21:56:52]
	at org.apache.lucene.index.DocumentsWriter.applyDeletes(DocumentsWriter.java:915) ~[lucene-core-2.4.1.jar:2.4.1 750176 - 2009-03-04 21:56:52]
	at org.apache.lucene.index.IndexWriter.applyDeletes(IndexWriter.java:4339) ~[lucene-core-2.4.1.jar:2.4.1 750176 - 2009-03-04 21:56:52]
	at org.apache.lucene.index.IndexWriter.doFlush(IndexWriter.java:3579) ~[lucene-core-2.4.1.jar:2.4.1 750176 - 2009-03-04 21:56:52]
	at org.apache.lucene.index.IndexWriter.flush(IndexWriter.java:3450) ~[lucene-core-2.4.1.jar:2.4.1 750176 - 2009-03-04 21:56:52]
	at org.apache.lucene.index.IndexWriter.closeInternal(IndexWriter.java:1638) ~[lucene-core-2.4.1.jar:2.4.1 750176 - 2009-03-04 21:56:52]
	at org.apache.lucene.index.IndexWriter.close(IndexWriter.java:1602) ~[lucene-core-2.4.1.jar:2.4.1 750176 - 2009-03-04 21:56:52]
	at org.apache.lucene.index.IndexWriter.close(IndexWriter.java:1578) ~[lucene-core-2.4.1.jar:2.4.1 750176 - 2009-03-04 21:56:52]
	at org.apache.maven.index.context.NexusIndexWriter.close(NexusIndexWriter.java:58) ~[indexer-core-3.1.0.jar:3.1.0]
	at org.apache.maven.index.context.DefaultIndexingContext.prepareCleanIndex(DefaultIndexingContext.java:235) ~[indexer-core-3.1.0.jar:3.1.0]
	at org.apache.maven.index.context.DefaultIndexingContext.prepareIndex(DefaultIndexingContext.java:205) ~[indexer-core-3.1.0.jar:3.1.0]
	at org.apache.maven.index.context.DefaultIndexingContext.<init>(DefaultIndexingContext.java:173) ~[indexer-core-3.1.0.jar:3.1.0]
	at org.apache.maven.index.DefaultNexusIndexer.addIndexingContextForced(DefaultNexusIndexer.java:160) ~[org.eclipse.m2e.maven.indexer_1.7.0.20160603-1931/:na]
	at org.eclipse.m2e.core.internal.index.nexus.NexusIndexManager.updateRemoteIndex(NexusIndexManager.java:1136) [org.eclipse.m2e.core_1.7.0.20160603-1933.jar:na]
	at org.eclipse.m2e.core.internal.index.nexus.NexusIndexManager.updateIndex(NexusIndexManager.java:1084) [org.eclipse.m2e.core_1.7.0.20160603-1933.jar:na]
	at org.eclipse.m2e.core.internal.index.nexus.NexusIndexManager$1.run(NexusIndexManager.java:656) [org.eclipse.m2e.core_1.7.0.20160603-1933.jar:na]
	at org.eclipse.m2e.core.internal.index.nexus.IndexUpdaterJob.run(IndexUpdaterJob.java:72) [org.eclipse.m2e.core_1.7.0.20160603-1933.jar:na]
	at org.eclipse.core.internal.jobs.Worker.run(Worker.java:55) [org.eclipse.core.jobs_3.8.0.v20160509-0411.jar:na]
2018-03-23 21:02:11,859 [Worker-4] INFO  c.g.t.t.d.PublishedGradleVersions - Gradle version information cache is out-of-date. Trying to update.
2018-03-23 21:03:06,786 [Worker-11] INFO  o.e.m.c.i.i.nexus.NexusIndexManager - Updating index for repository: central|https://repo.maven.apache.org/maven2
2018-03-23 21:03:15,544 [Worker-11] ERROR o.e.m.c.i.i.nexus.NexusIndexManager - Unable to update index for central|https://repo.maven.apache.org/maven2: C:\Users\gusta\.m2\repository\.cache\m2e\1.7.0\05b0fe8524860bd73cbb07ef30fb34cc\min\_39.cfs (El sistema no puede encontrar el archivo especificado)
java.io.FileNotFoundException: C:\Users\gusta\.m2\repository\.cache\m2e\1.7.0\05b0fe8524860bd73cbb07ef30fb34cc\min\_39.cfs (El sistema no puede encontrar el archivo especificado)
	at java.io.RandomAccessFile.open0(Native Method) ~[na:1.8.0_101]
	at java.io.RandomAccessFile.open(Unknown Source) ~[na:1.8.0_101]
	at java.io.RandomAccessFile.<init>(Unknown Source) ~[na:1.8.0_101]
	at org.apache.lucene.store.FSDirectory$FSIndexInput$Descriptor.<init>(FSDirectory.java:552) ~[lucene-core-2.4.1.jar:2.4.1 750176 - 2009-03-04 21:56:52]
	at org.apache.lucene.store.FSDirectory$FSIndexInput.<init>(FSDirectory.java:582) ~[lucene-core-2.4.1.jar:2.4.1 750176 - 2009-03-04 21:56:52]
	at org.apache.lucene.store.FSDirectory.openInput(FSDirectory.java:488) ~[lucene-core-2.4.1.jar:2.4.1 750176 - 2009-03-04 21:56:52]
	at org.apache.lucene.index.CompoundFileReader.<init>(CompoundFileReader.java:70) ~[lucene-core-2.4.1.jar:2.4.1 750176 - 2009-03-04 21:56:52]
	at org.apache.lucene.index.SegmentReader.initialize(SegmentReader.java:321) ~[lucene-core-2.4.1.jar:2.4.1 750176 - 2009-03-04 21:56:52]
	at org.apache.lucene.index.SegmentReader.get(SegmentReader.java:306) ~[lucene-core-2.4.1.jar:2.4.1 750176 - 2009-03-04 21:56:52]
	at org.apache.lucene.index.SegmentReader.get(SegmentReader.java:236) ~[lucene-core-2.4.1.jar:2.4.1 750176 - 2009-03-04 21:56:52]
	at org.apache.lucene.index.DocumentsWriter.applyDeletes(DocumentsWriter.java:915) ~[lucene-core-2.4.1.jar:2.4.1 750176 - 2009-03-04 21:56:52]
	at org.apache.lucene.index.IndexWriter.applyDeletes(IndexWriter.java:4339) ~[lucene-core-2.4.1.jar:2.4.1 750176 - 2009-03-04 21:56:52]
	at org.apache.lucene.index.IndexWriter.doFlush(IndexWriter.java:3579) ~[lucene-core-2.4.1.jar:2.4.1 750176 - 2009-03-04 21:56:52]
	at org.apache.lucene.index.IndexWriter.flush(IndexWriter.java:3450) ~[lucene-core-2.4.1.jar:2.4.1 750176 - 2009-03-04 21:56:52]
	at org.apache.lucene.index.IndexWriter.closeInternal(IndexWriter.java:1638) ~[lucene-core-2.4.1.jar:2.4.1 750176 - 2009-03-04 21:56:52]
	at org.apache.lucene.index.IndexWriter.close(IndexWriter.java:1602) ~[lucene-core-2.4.1.jar:2.4.1 750176 - 2009-03-04 21:56:52]
	at org.apache.lucene.index.IndexWriter.close(IndexWriter.java:1578) ~[lucene-core-2.4.1.jar:2.4.1 750176 - 2009-03-04 21:56:52]
	at org.apache.maven.index.context.NexusIndexWriter.close(NexusIndexWriter.java:58) ~[indexer-core-3.1.0.jar:3.1.0]
	at org.apache.maven.index.context.DefaultIndexingContext.prepareCleanIndex(DefaultIndexingContext.java:235) ~[indexer-core-3.1.0.jar:3.1.0]
	at org.apache.maven.index.context.DefaultIndexingContext.prepareIndex(DefaultIndexingContext.java:205) ~[indexer-core-3.1.0.jar:3.1.0]
	at org.apache.maven.index.context.DefaultIndexingContext.<init>(DefaultIndexingContext.java:173) ~[indexer-core-3.1.0.jar:3.1.0]
	at org.apache.maven.index.DefaultNexusIndexer.addIndexingContextForced(DefaultNexusIndexer.java:160) ~[org.eclipse.m2e.maven.indexer_1.7.0.20160603-1931/:na]
	at org.eclipse.m2e.core.internal.index.nexus.NexusIndexManager.updateRemoteIndex(NexusIndexManager.java:1136) [org.eclipse.m2e.core_1.7.0.20160603-1933.jar:na]
	at org.eclipse.m2e.core.internal.index.nexus.NexusIndexManager.updateIndex(NexusIndexManager.java:1084) [org.eclipse.m2e.core_1.7.0.20160603-1933.jar:na]
	at org.eclipse.m2e.core.internal.index.nexus.NexusIndexManager$1.run(NexusIndexManager.java:656) [org.eclipse.m2e.core_1.7.0.20160603-1933.jar:na]
	at org.eclipse.m2e.core.internal.index.nexus.IndexUpdaterJob.run(IndexUpdaterJob.java:72) [org.eclipse.m2e.core_1.7.0.20160603-1933.jar:na]
	at org.eclipse.core.internal.jobs.Worker.run(Worker.java:55) [org.eclipse.core.jobs_3.8.0.v20160509-0411.jar:na]
2018-03-24 10:36:52,268 [Worker-2] INFO  c.g.t.t.d.PublishedGradleVersions - Gradle version information cache is up-to-date. Trying to read.
2018-03-24 10:37:27,747 [Worker-4] INFO  o.e.m.c.i.i.nexus.NexusIndexManager - Updating index for repository: central|https://repo.maven.apache.org/maven2
2018-03-24 10:37:31,365 [Worker-4] ERROR o.e.m.c.i.i.nexus.NexusIndexManager - Unable to update index for central|https://repo.maven.apache.org/maven2: C:\Users\gusta\.m2\repository\.cache\m2e\1.7.0\05b0fe8524860bd73cbb07ef30fb34cc\min\_39.cfs (El sistema no puede encontrar el archivo especificado)
java.io.FileNotFoundException: C:\Users\gusta\.m2\repository\.cache\m2e\1.7.0\05b0fe8524860bd73cbb07ef30fb34cc\min\_39.cfs (El sistema no puede encontrar el archivo especificado)
	at java.io.RandomAccessFile.open0(Native Method) ~[na:1.8.0_101]
	at java.io.RandomAccessFile.open(Unknown Source) ~[na:1.8.0_101]
	at java.io.RandomAccessFile.<init>(Unknown Source) ~[na:1.8.0_101]
	at org.apache.lucene.store.FSDirectory$FSIndexInput$Descriptor.<init>(FSDirectory.java:552) ~[lucene-core-2.4.1.jar:2.4.1 750176 - 2009-03-04 21:56:52]
	at org.apache.lucene.store.FSDirectory$FSIndexInput.<init>(FSDirectory.java:582) ~[lucene-core-2.4.1.jar:2.4.1 750176 - 2009-03-04 21:56:52]
	at org.apache.lucene.store.FSDirectory.openInput(FSDirectory.java:488) ~[lucene-core-2.4.1.jar:2.4.1 750176 - 2009-03-04 21:56:52]
	at org.apache.lucene.index.CompoundFileReader.<init>(CompoundFileReader.java:70) ~[lucene-core-2.4.1.jar:2.4.1 750176 - 2009-03-04 21:56:52]
	at org.apache.lucene.index.SegmentReader.initialize(SegmentReader.java:321) ~[lucene-core-2.4.1.jar:2.4.1 750176 - 2009-03-04 21:56:52]
	at org.apache.lucene.index.SegmentReader.get(SegmentReader.java:306) ~[lucene-core-2.4.1.jar:2.4.1 750176 - 2009-03-04 21:56:52]
	at org.apache.lucene.index.SegmentReader.get(SegmentReader.java:236) ~[lucene-core-2.4.1.jar:2.4.1 750176 - 2009-03-04 21:56:52]
	at org.apache.lucene.index.DocumentsWriter.applyDeletes(DocumentsWriter.java:915) ~[lucene-core-2.4.1.jar:2.4.1 750176 - 2009-03-04 21:56:52]
	at org.apache.lucene.index.IndexWriter.applyDeletes(IndexWriter.java:4339) ~[lucene-core-2.4.1.jar:2.4.1 750176 - 2009-03-04 21:56:52]
	at org.apache.lucene.index.IndexWriter.doFlush(IndexWriter.java:3579) ~[lucene-core-2.4.1.jar:2.4.1 750176 - 2009-03-04 21:56:52]
	at org.apache.lucene.index.IndexWriter.flush(IndexWriter.java:3450) ~[lucene-core-2.4.1.jar:2.4.1 750176 - 2009-03-04 21:56:52]
	at org.apache.lucene.index.IndexWriter.closeInternal(IndexWriter.java:1638) ~[lucene-core-2.4.1.jar:2.4.1 750176 - 2009-03-04 21:56:52]
	at org.apache.lucene.index.IndexWriter.close(IndexWriter.java:1602) ~[lucene-core-2.4.1.jar:2.4.1 750176 - 2009-03-04 21:56:52]
	at org.apache.lucene.index.IndexWriter.close(IndexWriter.java:1578) ~[lucene-core-2.4.1.jar:2.4.1 750176 - 2009-03-04 21:56:52]
	at org.apache.maven.index.context.NexusIndexWriter.close(NexusIndexWriter.java:58) ~[indexer-core-3.1.0.jar:3.1.0]
	at org.apache.maven.index.context.DefaultIndexingContext.prepareCleanIndex(DefaultIndexingContext.java:235) ~[indexer-core-3.1.0.jar:3.1.0]
	at org.apache.maven.index.context.DefaultIndexingContext.prepareIndex(DefaultIndexingContext.java:205) ~[indexer-core-3.1.0.jar:3.1.0]
	at org.apache.maven.index.context.DefaultIndexingContext.<init>(DefaultIndexingContext.java:173) ~[indexer-core-3.1.0.jar:3.1.0]
	at org.apache.maven.index.DefaultNexusIndexer.addIndexingContextForced(DefaultNexusIndexer.java:160) ~[org.eclipse.m2e.maven.indexer_1.7.0.20160603-1931/:na]
	at org.eclipse.m2e.core.internal.index.nexus.NexusIndexManager.updateRemoteIndex(NexusIndexManager.java:1136) [org.eclipse.m2e.core_1.7.0.20160603-1933.jar:na]
	at org.eclipse.m2e.core.internal.index.nexus.NexusIndexManager.updateIndex(NexusIndexManager.java:1084) [org.eclipse.m2e.core_1.7.0.20160603-1933.jar:na]
	at org.eclipse.m2e.core.internal.index.nexus.NexusIndexManager$1.run(NexusIndexManager.java:656) [org.eclipse.m2e.core_1.7.0.20160603-1933.jar:na]
	at org.eclipse.m2e.core.internal.index.nexus.IndexUpdaterJob.run(IndexUpdaterJob.java:72) [org.eclipse.m2e.core_1.7.0.20160603-1933.jar:na]
	at org.eclipse.core.internal.jobs.Worker.run(Worker.java:55) [org.eclipse.core.jobs_3.8.0.v20160509-0411.jar:na]
